<?xml version="1.0" encoding="UTF-8"?>
<testsuite name="DeletingNumsTest" tests="6" skipped="0" failures="0" errors="0" timestamp="2018-05-19T15:31:21" hostname="VLAD_notebook" time="0.006">
  <properties/>
  <testcase name="deleteNumFromArray_NotNullArray_return_size_0" classname="DeletingNumsTest" time="0.003"/>
  <testcase name="deleteNumFromArray_NullArray_return_size_0" classname="DeletingNumsTest" time="0.0"/>
  <testcase name="deleteNumFromArray_return_size_1" classname="DeletingNumsTest" time="0.001"/>
  <testcase name="deleteNumFromArray_return_size_2" classname="DeletingNumsTest" time="0.0"/>
  <testcase name="deleteNumFromArray_return_size_5" classname="DeletingNumsTest" time="0.0"/>
  <testcase name="deleteNumFromArray_return_size_9" classname="DeletingNumsTest" time="0.0"/>
  <system-out><![CDATA[]]></system-out>
  <system-err><![CDATA[]]></system-err>
</testsuite>
